<?xml version="1.0" encoding="UTF-8"?>
<testsuite name="repositories.BookRepositoryMockTest" tests="4" skipped="0" failures="0" errors="0" timestamp="2023-11-11T11:01:54" hostname="DESKTOP-CKVJG5I" time="0.022">
  <properties/>
  <testcase name="testFindAll()" classname="repositories.BookRepositoryMockTest" time="0.017"/>
  <testcase name="testSave()" classname="repositories.BookRepositoryMockTest" time="0.001"/>
  <testcase name="testFindById()" classname="repositories.BookRepositoryMockTest" time="0.002"/>
  <testcase name="testRemoveAll()" classname="repositories.BookRepositoryMockTest" time="0.001"/>
  <system-out><![CDATA[]]></system-out>
  <system-err><![CDATA[]]></system-err>
</testsuite>
